<?xml version="1.0" encoding="UTF-8"?>
<!-- Generated by org.testng.reporters.JUnitReportReporter -->
<testsuite hostname="DESKTOP-734T7OV" failures="0" tests="1" name="com.qa.tests.GetAPITest" time="0.733" errors="0" timestamp="2022-08-23T16:26:58 IST" skipped="0">
  <testcase classname="com.qa.tests.GetAPITest" name="GetTestWithoutHeaders" time="0.733"/>
  <system-out/>
</testsuite> <!-- com.qa.tests.GetAPITest -->
