<?xml version="1.0" encoding="UTF-8"?>
<!-- Generated by org.testng.reporters.JUnitReportReporter -->
<testsuite hostname="DESKTOP-734T7OV" failures="0" tests="1" name="com.qa.tests.GetAPIwithHeaders" time="1.681" errors="0" timestamp="2022-08-23T22:56:03 IST" skipped="0">
  <testcase classname="com.qa.tests.GetAPIwithHeaders" name="GetTestWithHeaders" time="1.681"/>
  <system-out/>
</testsuite> <!-- com.qa.tests.GetAPIwithHeaders -->
