<?xml version="1.0" encoding="UTF-8"?>
<!-- Generated by org.testng.reporters.JUnitReportReporter -->
<testsuite hostname="DESKTOP-734T7OV" failures="0" tests="1" name="com.qa.tests.POSTAPITest" time="0.191" errors="0" timestamp="2022-08-23T23:47:00 IST" skipped="0">
  <testcase classname="com.qa.tests.POSTAPITest" name="PostAPI" time="0.191"/>
  <system-out/>
</testsuite> <!-- com.qa.tests.POSTAPITest -->
