<?xml version="1.0" encoding="UTF-8"?>
<!-- Generated by org.testng.reporters.JUnitReportReporter -->
<testsuite hostname="DESKTOP-734T7OV" failures="0" tests="1" name="com.qa.tests.POSTAPITest" time="1.233" errors="0" timestamp="2022-08-26T20:22:07 IST" skipped="0">
  <testcase classname="com.qa.tests.POSTAPITest" name="PostAPI" time="1.233"/>
  <system-out/>
</testsuite> <!-- com.qa.tests.POSTAPITest -->
